<?xml version="1.0" encoding="UTF-8" ?>
<testsuite tests="1" failures="0" name="org.justamonad.tutorials.leetcode.AppTest" time="0.001" errors="0" skipped="0">
  <properties>
    <property name="java.runtime.name" value="Java(TM) SE Runtime Environment"/>
    <property name="sun.boot.library.path" value="/Users/bsavani/Documents/ride-6.1.1-mac64/Eclipse.app/Contents/Eclipse/OracleJDK8/Contents/Home/jre/lib"/>
    <property name="java.vm.version" value="25.60-b23"/>
    <property name="gopherProxySet" value="false"/>
    <property name="java.vm.vendor" value="Oracle Corporation"/>
    <property name="maven.multiModuleProjectDirectory" value="/Users/bsavani/workspace-justamonad-tutorials/justamonad-tutorials"/>
    <property name="java.vendor.url" value="http://java.oracle.com/"/>
    <property name="path.separator" value=":"/>
    <property name="guice.disable.misplaced.annotation.check" value="true"/>
    <property name="java.vm.name" value="Java HotSpot(TM) 64-Bit Server VM"/>
    <property name="file.encoding.pkg" value="sun.io"/>
    <property name="user.country" value="US"/>
    <property name="sun.java.launcher" value="SUN_STANDARD"/>
    <property name="sun.os.patch.level" value="unknown"/>
    <property name="java.vm.specification.name" value="Java Virtual Machine Specification"/>
    <property name="user.dir" value="/Users/bsavani/workspace-justamonad-tutorials/justamonad-tutorials"/>
    <property name="java.runtime.version" value="1.8.0_60-b27"/>
    <property name="java.awt.graphicsenv" value="sun.awt.CGraphicsEnvironment"/>
    <property name="java.endorsed.dirs" value="/Users/bsavani/Documents/ride-6.1.1-mac64/Eclipse.app/Contents/Eclipse/OracleJDK8/Contents/Home/jre/lib/endorsed"/>
    <property name="os.arch" value="x86_64"/>
    <property name="java.io.tmpdir" value="/var/folders/g4/gksjhj492pn14yyzwymm8dwr3948s5/T/"/>
    <property name="line.separator" value="
"/>
    <property name="java.vm.specification.vendor" value="Oracle Corporation"/>
    <property name="os.name" value="Mac OS X"/>
    <property name="classworlds.conf" value="/Users/bsavani/Downloads/ride-5.1.3-mac64/apache-maven-3.1.1/bin/m2.conf"/>
    <property name="sun.jnu.encoding" value="UTF-8"/>
    <property name="java.library.path" value="/Users/bsavani/Library/Java/Extensions:/Library/Java/Extensions:/Network/Library/Java/Extensions:/System/Library/Java/Extensions:/usr/lib/java:."/>
    <property name="java.specification.name" value="Java Platform API Specification"/>
    <property name="java.class.version" value="52.0"/>
    <property name="sun.management.compiler" value="HotSpot 64-Bit Tiered Compilers"/>
    <property name="os.version" value="10.14.5"/>
    <property name="user.home" value="/Users/bsavani"/>
    <property name="user.timezone" value="America/Los_Angeles"/>
    <property name="java.awt.printerjob" value="sun.lwawt.macosx.CPrinterJob"/>
    <property name="java.specification.version" value="1.8"/>
    <property name="file.encoding" value="UTF-8"/>
    <property name="user.name" value="bsavani"/>
    <property name="java.class.path" value="/Users/bsavani/Downloads/ride-5.1.3-mac64/apache-maven-3.1.1/boot/plexus-classworlds-2.5.1.jar"/>
    <property name="org.slf4j.simpleLogger.defaultLogLevel" value="info"/>
    <property name="java.vm.specification.version" value="1.8"/>
    <property name="sun.arch.data.model" value="64"/>
    <property name="java.home" value="/Users/bsavani/Documents/ride-6.1.1-mac64/Eclipse.app/Contents/Eclipse/OracleJDK8/Contents/Home/jre"/>
    <property name="sun.java.command" value="org.codehaus.plexus.classworlds.launcher.Launcher clean install -U -s /Users/bsavani/.m2/settings.xml.raptor"/>
    <property name="java.specification.vendor" value="Oracle Corporation"/>
    <property name="user.language" value="en"/>
    <property name="awt.toolkit" value="sun.lwawt.macosx.LWCToolkit"/>
    <property name="java.vm.info" value="mixed mode"/>
    <property name="java.version" value="1.8.0_60"/>
    <property name="java.ext.dirs" value="/Users/bsavani/Library/Java/Extensions:/Users/bsavani/Documents/ride-6.1.1-mac64/Eclipse.app/Contents/Eclipse/OracleJDK8/Contents/Home/jre/lib/ext:/Library/Java/Extensions:/Network/Library/Java/Extensions:/System/Library/Java/Extensions:/usr/lib/java"/>
    <property name="sun.boot.class.path" value="/Users/bsavani/Documents/ride-6.1.1-mac64/Eclipse.app/Contents/Eclipse/OracleJDK8/Contents/Home/jre/lib/resources.jar:/Users/bsavani/Documents/ride-6.1.1-mac64/Eclipse.app/Contents/Eclipse/OracleJDK8/Contents/Home/jre/lib/rt.jar:/Users/bsavani/Documents/ride-6.1.1-mac64/Eclipse.app/Contents/Eclipse/OracleJDK8/Contents/Home/jre/lib/sunrsasign.jar:/Users/bsavani/Documents/ride-6.1.1-mac64/Eclipse.app/Contents/Eclipse/OracleJDK8/Contents/Home/jre/lib/jsse.jar:/Users/bsavani/Documents/ride-6.1.1-mac64/Eclipse.app/Contents/Eclipse/OracleJDK8/Contents/Home/jre/lib/jce.jar:/Users/bsavani/Documents/ride-6.1.1-mac64/Eclipse.app/Contents/Eclipse/OracleJDK8/Contents/Home/jre/lib/charsets.jar:/Users/bsavani/Documents/ride-6.1.1-mac64/Eclipse.app/Contents/Eclipse/OracleJDK8/Contents/Home/jre/lib/jfr.jar:/Users/bsavani/Documents/ride-6.1.1-mac64/Eclipse.app/Contents/Eclipse/OracleJDK8/Contents/Home/jre/classes"/>
    <property name="java.vendor" value="Oracle Corporation"/>
    <property name="maven.home" value="/Users/bsavani/Downloads/ride-5.1.3-mac64/apache-maven-3.1.1"/>
    <property name="file.separator" value="/"/>
    <property name="java.vendor.url.bug" value="http://bugreport.sun.com/bugreport/"/>
    <property name="sun.cpu.endian" value="little"/>
    <property name="sun.io.unicode.encoding" value="UnicodeBig"/>
    <property name="sun.cpu.isalist" value=""/>
  </properties>
  <testcase classname="org.justamonad.tutorials.leetcode.AppTest" name="testApp" time="0.001"/>
</testsuite>